<?xml version="1.0" encoding="UTF-8"?>
<testng-results skipped="0" failed="0" total="1" passed="1">
  <reporter-output>
    <line>
      <![CDATA[用例ID: 1]]>
    </line>
    <line>
      <![CDATA[用例名称: 使用正确的账号，正确的密码，可以正常登录成功，且接口返回的实际结果都正确]]>
    </line>
    <line>
      <![CDATA[请求地址: http://120.79.232.23:8000/api/user/login]]>
    </line>
    <line>
      <![CDATA[请求方式: POST]]>
    </line>
    <line>
      <![CDATA[请求参数: username=admin&password=admin369874125]]>
    </line>
    <line>
      <![CDATA[返回结果: {"code":"999999","msg":"成功","data":{"first_name":"admin","last_name":"","phone":"12345678911","email":"admin@163.com","key":"640ca3dbb875b6cfe898bf0c9b0f45a921ef169b","date_joined":"2018-06-28 02:56:00","userphoto":"/file/userphoto.jpg"}}]]>
    </line>
    <line>
      <![CDATA[用例结果: 〖first_name〗=>Expected: 【admin】, Actual: 【admin】]]>
    </line>
    <line>
      <![CDATA[用例结果: 〖last_name〗=>Expected: 【】, Actual: 【】]]>
    </line>
    <line>
      <![CDATA[用例结果: 〖phone〗=>Expected: 【12345678911】, Actual: 【12345678911】]]>
    </line>
    <line>
      <![CDATA[用例结果: 〖email〗=>Expected: 【admin@163.com】, Actual: 【admin@163.com】]]>
    </line>
    <line>
      <![CDATA[用例结果: 〖key〗=>Expected: 【640ca3dbb875b6cfe898bf0c9b0f45a921ef169b】, Actual: 【640ca3dbb875b6cfe898bf0c9b0f45a921ef169b】]]>
    </line>
    <line>
      <![CDATA[用例结果: 〖date_joined〗=>Expected: 【2018-06-28 02:56:00】, Actual: 【2018-06-28 02:56:00】]]>
    </line>
    <line>
      <![CDATA[用例结果: 〖userphoto〗=>Expected: 【/file/userphoto.jpg】, Actual: 【/file/userphoto.jpg】]]>
    </line>
  </reporter-output>
  <suite name="Suite" duration-ms="0" started-at="2019-07-22T09:59:15Z" finished-at="2019-07-22T09:59:15Z">
    <groups>
    </groups>
  </suite> <!-- Suite -->
  <suite name="Web后端-接口自动化测试" duration-ms="23015" started-at="2019-07-22T09:58:52Z" finished-at="2019-07-22T09:59:15Z">
    <groups>
    </groups>
    <test name="用户登录接口" duration-ms="23015" started-at="2019-07-22T09:58:52Z" finished-at="2019-07-22T09:59:15Z">
      <class name="TestCases.Login">
        <test-method status="PASS" signature="Stup()[pri:0, instance:TestCases.Login@39ba5a14]" name="Stup" is-config="true" duration-ms="12" started-at="2019-07-22T17:58:52Z" finished-at="2019-07-22T17:58:52Z">
          <reporter-output>
          </reporter-output>
        </test-method> <!-- Stup -->
        <test-method status="PASS" signature="case1()[pri:0, instance:TestCases.Login@39ba5a14]" name="case1" duration-ms="18817" started-at="2019-07-22T17:58:52Z" finished-at="2019-07-22T17:59:10Z">
          <reporter-output>
            <line>
              <![CDATA[用例ID: 1]]>
            </line>
            <line>
              <![CDATA[用例名称: 使用正确的账号，正确的密码，可以正常登录成功，且接口返回的实际结果都正确]]>
            </line>
            <line>
              <![CDATA[请求地址: http://120.79.232.23:8000/api/user/login]]>
            </line>
            <line>
              <![CDATA[请求方式: POST]]>
            </line>
            <line>
              <![CDATA[请求参数: username=admin&password=admin369874125]]>
            </line>
            <line>
              <![CDATA[返回结果: {"code":"999999","msg":"成功","data":{"first_name":"admin","last_name":"","phone":"12345678911","email":"admin@163.com","key":"640ca3dbb875b6cfe898bf0c9b0f45a921ef169b","date_joined":"2018-06-28 02:56:00","userphoto":"/file/userphoto.jpg"}}]]>
            </line>
            <line>
              <![CDATA[用例结果: 〖first_name〗=>Expected: 【admin】, Actual: 【admin】]]>
            </line>
            <line>
              <![CDATA[用例结果: 〖last_name〗=>Expected: 【】, Actual: 【】]]>
            </line>
            <line>
              <![CDATA[用例结果: 〖phone〗=>Expected: 【12345678911】, Actual: 【12345678911】]]>
            </line>
            <line>
              <![CDATA[用例结果: 〖email〗=>Expected: 【admin@163.com】, Actual: 【admin@163.com】]]>
            </line>
            <line>
              <![CDATA[用例结果: 〖key〗=>Expected: 【640ca3dbb875b6cfe898bf0c9b0f45a921ef169b】, Actual: 【640ca3dbb875b6cfe898bf0c9b0f45a921ef169b】]]>
            </line>
            <line>
              <![CDATA[用例结果: 〖date_joined〗=>Expected: 【2018-06-28 02:56:00】, Actual: 【2018-06-28 02:56:00】]]>
            </line>
            <line>
              <![CDATA[用例结果: 〖userphoto〗=>Expected: 【/file/userphoto.jpg】, Actual: 【/file/userphoto.jpg】]]>
            </line>
          </reporter-output>
        </test-method> <!-- case1 -->
        <test-method status="PASS" signature="TearDown()[pri:0, instance:TestCases.Login@39ba5a14]" name="TearDown" is-config="true" duration-ms="4180" started-at="2019-07-22T17:59:10Z" finished-at="2019-07-22T17:59:15Z">
          <reporter-output>
          </reporter-output>
        </test-method> <!-- TearDown -->
      </class> <!-- TestCases.Login -->
    </test> <!-- 用户登录接口 -->
  </suite> <!-- Web后端-接口自动化测试 -->
</testng-results>
